<?xml version="1.0" encoding="UTF-8"?>
<!-- Generated by org.testng.reporters.JUnitReportReporter -->
<testsuite hostname="Shishiras-MacBook-Air.local" failures="0" tests="1" name="tests.ecommerce_LoginTest" time="19.777" errors="0" timestamp="2025-06-16T16:46:08 IST" skipped="0">
  <testcase classname="tests.ecommerce_LoginTest" name="testLogin" time="19.777"/>
</testsuite> <!-- tests.ecommerce_LoginTest -->
