<?xml version="1.0" encoding="UTF-8"?>
<!-- Generated by org.testng.reporters.JUnitReportReporter -->
<testsuite hostname="Shishiras-MacBook-Air.local" failures="0" tests="1" name="tests.InvalidLoginTest" time="5.970" errors="0" timestamp="2025-06-25T16:16:17 IST" skipped="0">
  <testcase classname="tests.InvalidLoginTest" name="testinvalidLogin" time="5.970"/>
</testsuite> <!-- tests.InvalidLoginTest -->
